<?xml version="1.0" encoding="UTF-8"?>
<!-- Generated by org.testng.reporters.JUnitReportReporter -->
<testsuite skipped="0" hostname="Kacode-MBP" name="test.TestNg_Demo" tests="1" failures="0" timestamp="04 Jul 2022 05:24:53 GMT" time="1.568" errors="0">
  <testcase name="googleSearch" time="1.568" classname="test.TestNg_Demo"/>
</testsuite> <!-- test.TestNg_Demo -->
