<?xml version="1.0" encoding="UTF-8"?>
<!-- Generated by org.testng.reporters.JUnitReportReporter -->
<testsuite skipped="0" hostname="Kacode-MacBook-Pro.local" name="demo.TestNGGroupDemo" tests="4" failures="0" timestamp="12 Jul 2022 14:07:26 GMT" time="0.014" errors="0">
  <testcase name="test4" time="0.003" classname="demo.TestNGGroupDemo"/>
  <testcase name="test2" time="0.002" classname="demo.TestNGGroupDemo"/>
  <testcase name="test1" time="0.008" classname="demo.TestNGGroupDemo"/>
  <testcase name="test3" time="0.001" classname="demo.TestNGGroupDemo"/>
</testsuite> <!-- demo.TestNGGroupDemo -->
