<?xml version="1.0" encoding="UTF-8"?>
<!-- Generated by org.testng.reporters.JUnitReportReporter -->
<testsuite skipped="1" hostname="Kacode-MBP" name="listeners.TestNgListenerDemo" tests="3" failures="0" timestamp="07 Jul 2022 01:57:13 GMT" time="5.897" errors="0">
  <testcase name="test1" time="0.010" classname="listeners.TestNgListenerDemo"/>
  <testcase name="test3" time="0.002" classname="listeners.TestNgListenerDemo">
    <skipped/>
  </testcase> <!-- test3 -->
  <testcase name="test2" time="5.885" classname="listeners.TestNgListenerDemo"/>
</testsuite> <!-- listeners.TestNgListenerDemo -->
