<?xml version="1.0" encoding="UTF-8"?>
<!-- Generated by org.testng.reporters.JUnitReportReporter -->
<testsuite skipped="0" hostname="Kacode-MBP" name="demo.UntitledTestCase" tests="1" failures="0" timestamp="13 Jul 2022 02:07:11 GMT" time="13.396" errors="0">
  <testcase name="testUntitledTestCase" time="13.396" classname="demo.UntitledTestCase"/>
</testsuite> <!-- demo.UntitledTestCase -->
