<?xml version="1.0" encoding="UTF-8"?>
<!-- Generated by org.testng.reporters.JUnitReportReporter -->
<testsuite skipped="0" hostname="Kacode-MacBook-Pro.local" name="test.TestNg_Demo2" tests="1" failures="0" timestamp="29 Jun 2022 14:58:17 GMT" time="4.236" errors="0">
  <testcase name="googleSearch3" time="4.236" classname="test.TestNg_Demo2"/>
</testsuite> <!-- test.TestNg_Demo2 -->
