<?xml version="1.0" encoding="UTF-8"?>
<!-- Generated by org.testng.reporters.JUnitReportReporter -->
<testsuite skipped="1" hostname="Kacode-MBP" name="demo.TestNGIgnoreDemo" tests="2" failures="0" timestamp="12 Jul 2022 07:26:43 GMT" time="0.010" errors="0">
  <testcase name="test2" time="0.010" classname="demo.TestNGIgnoreDemo"/>
  <testcase name="test1" classname="demo.TestNGIgnoreDemo">
    <skipped/>
  </testcase> <!-- test1 -->
</testsuite> <!-- demo.TestNGIgnoreDemo -->
