<?xml version="1.0" encoding="UTF-8"?>
<!-- Generated by org.testng.reporters.JUnitReportReporter -->
<testsuite skipped="0" hostname="Kacode-MBP" name="demo.TestNGPriorityDemo" tests="3" failures="0" timestamp="07 Jul 2022 02:10:52 GMT" time="0.012" errors="0">
  <testcase name="test1" time="0.010" classname="demo.TestNGPriorityDemo"/>
  <testcase name="atest3" time="0.001" classname="demo.TestNGPriorityDemo"/>
  <testcase name="test2" time="0.001" classname="demo.TestNGPriorityDemo"/>
</testsuite> <!-- demo.TestNGPriorityDemo -->
