<?xml version="1.0" encoding="UTF-8"?>
<!-- Generated by org.testng.reporters.JUnitReportReporter -->
<testsuite skipped="0" hostname="Kacode-MacBook-Pro.local" name="demo.TestNGParametersDemo" tests="1" failures="0" timestamp="12 Jul 2022 14:06:14 GMT" time="0.007" errors="0">
  <testcase name="test" time="0.007" classname="demo.TestNGParametersDemo"/>
</testsuite> <!-- demo.TestNGParametersDemo -->
