<?xml version="1.0" encoding="UTF-8"?>
<!-- Generated by org.testng.reporters.JUnitReportReporter -->
<testsuite skipped="0" hostname="Kacode-MacBook-Pro.local" name="demo.TestNGDependencyDemo" tests="3" failures="0" timestamp="11 Jul 2022 09:23:17 GMT" time="0.014" errors="0">
  <testcase name="test3" time="0.005" classname="demo.TestNGDependencyDemo"/>
  <testcase name="test1" time="0.001" classname="demo.TestNGDependencyDemo"/>
  <testcase name="test2" time="0.008" classname="demo.TestNGDependencyDemo"/>
</testsuite> <!-- demo.TestNGDependencyDemo -->
